<?xml version="1.0" encoding="UTF-8" ?>
<testsuite tests="5" failures="2" name="edu.pdx.cs410J.khaosans.Project4Test" time="0.011" errors="0" skipped="0">
  <properties>
    <property name="java.runtime.name" value="Java(TM) SE Runtime Environment"/>
    <property name="sun.boot.library.path" value="C:\Program Files\Java\jdk1.8.0_11\jre\bin"/>
    <property name="java.vm.version" value="25.11-b03"/>
    <property name="java.vm.vendor" value="Oracle Corporation"/>
    <property name="java.vendor.url" value="http://java.oracle.com/"/>
    <property name="path.separator" value=";"/>
    <property name="guice.disable.misplaced.annotation.check" value="true"/>
    <property name="java.vm.name" value="Java HotSpot(TM) 64-Bit Server VM"/>
    <property name="file.encoding.pkg" value="sun.io"/>
    <property name="user.script" value=""/>
    <property name="user.country" value="US"/>
    <property name="sun.java.launcher" value="SUN_STANDARD"/>
    <property name="sun.os.patch.level" value=""/>
    <property name="java.vm.specification.name" value="Java Virtual Machine Specification"/>
    <property name="user.dir" value="C:\cygwin64\home\solus\project4\airline"/>
    <property name="java.runtime.version" value="1.8.0_11-b12"/>
    <property name="java.awt.graphicsenv" value="sun.awt.Win32GraphicsEnvironment"/>
    <property name="java.endorsed.dirs" value="C:\Program Files\Java\jdk1.8.0_11\jre\lib\endorsed"/>
    <property name="os.arch" value="amd64"/>
    <property name="java.io.tmpdir" value="C:\cygwin64\tmp\"/>
    <property name="line.separator" value="
"/>
    <property name="java.vm.specification.vendor" value="Oracle Corporation"/>
    <property name="user.variant" value=""/>
    <property name="os.name" value="Windows 8.1"/>
    <property name="classworlds.conf" value="C:\Users\solus\Desktop\apache-maven-3.2.2/bin/m2.conf"/>
    <property name="sun.jnu.encoding" value="Cp1252"/>
    <property name="java.library.path" value="C:\Program Files\Java\jdk1.8.0_11\bin;C:\WINDOWS\Sun\Java\bin;C:\WINDOWS\system32;C:\WINDOWS;C:\cygwin64\usr\local\bin;C:\cygwin64\bin;C:\WINDOWS\system32;C:\WINDOWS;C:\WINDOWS\System32\Wbem;C:\WINDOWS\System32\WindowsPowerShell\v1.0;C:\Program Files (x86)\ATI Technologies\ATI.ACE\Core-Static;C:\Users\solus\Desktop\apache-maven-3.2.2\bin;C:\Program Files\Java\jdk1.8.0_11\bin;C:\Program Files\Java\jdk1.8.0_11;."/>
    <property name="java.specification.name" value="Java Platform API Specification"/>
    <property name="java.class.version" value="52.0"/>
    <property name="sun.management.compiler" value="HotSpot 64-Bit Tiered Compilers"/>
    <property name="os.version" value="6.3"/>
    <property name="user.home" value="C:\Users\solus"/>
    <property name="user.timezone" value="America/Los_Angeles"/>
    <property name="java.awt.printerjob" value="sun.awt.windows.WPrinterJob"/>
    <property name="java.specification.version" value="1.8"/>
    <property name="file.encoding" value="Cp1252"/>
    <property name="user.name" value="solus"/>
    <property name="java.class.path" value="C:\Users\solus\Desktop\apache-maven-3.2.2/boot/plexus-classworlds-2.5.1.jar"/>
    <property name="org.slf4j.simpleLogger.defaultLogLevel" value="info"/>
    <property name="java.vm.specification.version" value="1.8"/>
    <property name="sun.arch.data.model" value="64"/>
    <property name="java.home" value="C:\Program Files\Java\jdk1.8.0_11\jre"/>
    <property name="sun.java.command" value="org.codehaus.plexus.classworlds.launcher.Launcher clean install"/>
    <property name="java.specification.vendor" value="Oracle Corporation"/>
    <property name="user.language" value="en"/>
    <property name="awt.toolkit" value="sun.awt.windows.WToolkit"/>
    <property name="java.vm.info" value="mixed mode"/>
    <property name="java.version" value="1.8.0_11"/>
    <property name="java.ext.dirs" value="C:\Program Files\Java\jdk1.8.0_11\jre\lib\ext;C:\WINDOWS\Sun\Java\lib\ext"/>
    <property name="sun.boot.class.path" value="C:\Program Files\Java\jdk1.8.0_11\jre\lib\resources.jar;C:\Program Files\Java\jdk1.8.0_11\jre\lib\rt.jar;C:\Program Files\Java\jdk1.8.0_11\jre\lib\sunrsasign.jar;C:\Program Files\Java\jdk1.8.0_11\jre\lib\jsse.jar;C:\Program Files\Java\jdk1.8.0_11\jre\lib\jce.jar;C:\Program Files\Java\jdk1.8.0_11\jre\lib\charsets.jar;C:\Program Files\Java\jdk1.8.0_11\jre\lib\jfr.jar;C:\Program Files\Java\jdk1.8.0_11\jre\classes"/>
    <property name="java.vendor" value="Oracle Corporation"/>
    <property name="maven.home" value="C:\Users\solus\Desktop\apache-maven-3.2.2"/>
    <property name="file.separator" value="\"/>
    <property name="java.vendor.url.bug" value="http://bugreport.sun.com/bugreport/"/>
    <property name="sun.cpu.endian" value="little"/>
    <property name="sun.io.unicode.encoding" value="UnicodeLittle"/>
    <property name="sun.desktop" value="windows"/>
    <property name="sun.cpu.isalist" value="amd64"/>
    <property name="org.apache.commons.logging.Log" value="org.apache.commons.logging.impl.SimpleLog"/>
  </properties>
  <testcase classname="edu.pdx.cs410J.khaosans.Project4Test" name="addshit" time="0"/>
  <testcase classname="edu.pdx.cs410J.khaosans.Project4Test" name="test1NoCommandLineArguments" time="0"/>
  <testcase classname="edu.pdx.cs410J.khaosans.Project4Test" name="test2EmptyServer" time="0.002">
    <failure message="Server contains 1 key/value pairs
  lOKE -&gt; UE

Expected: a string containing &quot;Server contains 0 key/value pairs&quot;
     but: was &quot;Server contains 1 key/value pairs
  lOKE -&gt; UE
&quot;" type="java.lang.AssertionError">java.lang.AssertionError: Server contains 1 key/value pairs
  lOKE -&gt; UE

Expected: a string containing &quot;Server contains 0 key/value pairs&quot;
     but: was &quot;Server contains 1 key/value pairs
  lOKE -&gt; UE
&quot;
	at org.hamcrest.MatcherAssert.assertThat(MatcherAssert.java:20)
	at edu.pdx.cs410J.khaosans.Project4Test.test2EmptyServer(Project4Test.java:32)
</failure>
  </testcase>
  <testcase classname="edu.pdx.cs410J.khaosans.Project4Test" name="test3NoValues" time="0.002"/>
  <testcase classname="edu.pdx.cs410J.khaosans.Project4Test" name="test4AddValue" time="0.007">
    <failure message="Server contains 2 key/value pairs
  KEY -&gt; VALUE
  lOKE -&gt; UE

Expected: a string containing &quot;Server contains 1 key/value pairs&quot;
     but: was &quot;Server contains 2 key/value pairs
  KEY -&gt; VALUE
  lOKE -&gt; UE
&quot;" type="java.lang.AssertionError">java.lang.AssertionError: Server contains 2 key/value pairs
  KEY -&gt; VALUE
  lOKE -&gt; UE

Expected: a string containing &quot;Server contains 1 key/value pairs&quot;
     but: was &quot;Server contains 2 key/value pairs
  KEY -&gt; VALUE
  lOKE -&gt; UE
&quot;
	at org.hamcrest.MatcherAssert.assertThat(MatcherAssert.java:20)
	at edu.pdx.cs410J.khaosans.Project4Test.test4AddValue(Project4Test.java:62)
</failure>
  </testcase>
</testsuite>